<?xml version="1.0" encoding="UTF-8"?>
<testsuite name="com.sp.fc.web.BasicAuthenticationTest" tests="1" skipped="0" failures="0" errors="0" timestamp="2021-08-02T14:15:19" hostname="LAPTOP-ER22MFG5" time="0.668">
  <properties/>
  <testcase name="4. Post 인증" classname="com.sp.fc.web.BasicAuthenticationTest" time="0.668"/>
  <system-out><![CDATA[23:15:16.278 [Test worker] DEBUG org.springframework.test.context.BootstrapUtils - Instantiating CacheAwareContextLoaderDelegate from class [org.springframework.test.context.cache.DefaultCacheAwareContextLoaderDelegate]
23:15:16.289 [Test worker] DEBUG org.springframework.test.context.BootstrapUtils - Instantiating BootstrapContext using constructor [public org.springframework.test.context.support.DefaultBootstrapContext(java.lang.Class,org.springframework.test.context.CacheAwareContextLoaderDelegate)]
23:15:16.324 [Test worker] DEBUG org.springframework.test.context.BootstrapUtils - Instantiating TestContextBootstrapper for test class [com.sp.fc.web.BasicAuthenticationTest] from class [org.springframework.boot.test.context.SpringBootTestContextBootstrapper]
23:15:16.334 [Test worker] INFO org.springframework.boot.test.context.SpringBootTestContextBootstrapper - Neither @ContextConfiguration nor @ContextHierarchy found for test class [com.sp.fc.web.BasicAuthenticationTest], using SpringBootContextLoader
23:15:16.337 [Test worker] DEBUG org.springframework.test.context.support.AbstractContextLoader - Did not detect default resource location for test class [com.sp.fc.web.BasicAuthenticationTest]: class path resource [com/sp/fc/web/BasicAuthenticationTest-context.xml] does not exist
23:15:16.338 [Test worker] DEBUG org.springframework.test.context.support.AbstractContextLoader - Did not detect default resource location for test class [com.sp.fc.web.BasicAuthenticationTest]: class path resource [com/sp/fc/web/BasicAuthenticationTestContext.groovy] does not exist
23:15:16.338 [Test worker] INFO org.springframework.test.context.support.AbstractContextLoader - Could not detect default resource locations for test class [com.sp.fc.web.BasicAuthenticationTest]: no resource found for suffixes {-context.xml, Context.groovy}.
23:15:16.339 [Test worker] INFO org.springframework.test.context.support.AnnotationConfigContextLoaderUtils - Could not detect default configuration classes for test class [com.sp.fc.web.BasicAuthenticationTest]: BasicAuthenticationTest does not declare any static, non-private, non-final, nested classes annotated with @Configuration.
23:15:16.379 [Test worker] DEBUG org.springframework.test.context.support.ActiveProfilesUtils - Could not find an 'annotation declaring class' for annotation type [org.springframework.test.context.ActiveProfiles] and class [com.sp.fc.web.BasicAuthenticationTest]
23:15:16.430 [Test worker] DEBUG org.springframework.context.annotation.ClassPathScanningCandidateComponentProvider - Identified candidate component class: file [C:\java\fast_spring\sp-fastcampus-spring-sec1\server\basic-authentication-test\build\classes\java\main\com\sp\fc\web\BasicAuthentionTestApplication.class]
23:15:16.432 [Test worker] INFO org.springframework.boot.test.context.SpringBootTestContextBootstrapper - Found @SpringBootConfiguration com.sp.fc.web.BasicAuthentionTestApplication for test class com.sp.fc.web.BasicAuthenticationTest
23:15:16.512 [Test worker] DEBUG org.springframework.boot.test.context.SpringBootTestContextBootstrapper - @TestExecutionListeners is not present for class [com.sp.fc.web.BasicAuthenticationTest]: using defaults.
23:15:16.513 [Test worker] INFO org.springframework.boot.test.context.SpringBootTestContextBootstrapper - Loaded default TestExecutionListener class names from location [META-INF/spring.factories]: [org.springframework.boot.test.autoconfigure.restdocs.RestDocsTestExecutionListener, org.springframework.boot.test.autoconfigure.web.client.MockRestServiceServerResetTestExecutionListener, org.springframework.boot.test.autoconfigure.web.servlet.MockMvcPrintOnlyOnFailureTestExecutionListener, org.springframework.boot.test.autoconfigure.web.servlet.WebDriverTestExecutionListener, org.springframework.boot.test.autoconfigure.webservices.client.MockWebServiceServerTestExecutionListener, org.springframework.boot.test.mock.mockito.MockitoTestExecutionListener, org.springframework.boot.test.mock.mockito.ResetMocksTestExecutionListener, org.springframework.test.context.web.ServletTestExecutionListener, org.springframework.test.context.support.DirtiesContextBeforeModesTestExecutionListener, org.springframework.test.context.support.DependencyInjectionTestExecutionListener, org.springframework.test.context.support.DirtiesContextTestExecutionListener, org.springframework.test.context.transaction.TransactionalTestExecutionListener, org.springframework.test.context.jdbc.SqlScriptsTestExecutionListener, org.springframework.test.context.event.EventPublishingTestExecutionListener]
23:15:16.522 [Test worker] DEBUG org.springframework.boot.test.context.SpringBootTestContextBootstrapper - Skipping candidate TestExecutionListener [org.springframework.test.context.transaction.TransactionalTestExecutionListener] due to a missing dependency. Specify custom listener classes or make the default listener classes and their required dependencies available. Offending class: [org/springframework/transaction/interceptor/TransactionAttributeSource]
23:15:16.523 [Test worker] DEBUG org.springframework.boot.test.context.SpringBootTestContextBootstrapper - Skipping candidate TestExecutionListener [org.springframework.test.context.jdbc.SqlScriptsTestExecutionListener] due to a missing dependency. Specify custom listener classes or make the default listener classes and their required dependencies available. Offending class: [org/springframework/transaction/interceptor/TransactionAttribute]
23:15:16.523 [Test worker] INFO org.springframework.boot.test.context.SpringBootTestContextBootstrapper - Using TestExecutionListeners: [org.springframework.test.context.web.ServletTestExecutionListener@412028e4, org.springframework.test.context.support.DirtiesContextBeforeModesTestExecutionListener@7e0f6789, org.springframework.boot.test.mock.mockito.MockitoTestExecutionListener@7b672bb2, org.springframework.boot.test.autoconfigure.SpringBootDependencyInjectionTestExecutionListener@785d9a7d, org.springframework.test.context.support.DirtiesContextTestExecutionListener@387aea9a, org.springframework.test.context.event.EventPublishingTestExecutionListener@3d4ce133, org.springframework.boot.test.autoconfigure.restdocs.RestDocsTestExecutionListener@7f347793, org.springframework.boot.test.autoconfigure.web.client.MockRestServiceServerResetTestExecutionListener@6bae947a, org.springframework.boot.test.autoconfigure.web.servlet.MockMvcPrintOnlyOnFailureTestExecutionListener@4ef9daf, org.springframework.boot.test.autoconfigure.web.servlet.WebDriverTestExecutionListener@5e70b178, org.springframework.boot.test.autoconfigure.webservices.client.MockWebServiceServerTestExecutionListener@2a4ddca, org.springframework.boot.test.mock.mockito.ResetMocksTestExecutionListener@1d3694a0]
23:15:16.527 [Test worker] DEBUG org.springframework.test.context.support.AbstractDirtiesContextTestExecutionListener - Before test class: context [DefaultTestContext@579d37a testClass = BasicAuthenticationTest, testInstance = [null], testMethod = [null], testException = [null], mergedContextConfiguration = [WebMergedContextConfiguration@2959e01e testClass = BasicAuthenticationTest, locations = '{}', classes = '{class com.sp.fc.web.BasicAuthentionTestApplication}', contextInitializerClasses = '[]', activeProfiles = '{}', propertySourceLocations = '{}', propertySourceProperties = '{org.springframework.boot.test.context.SpringBootTestContextBootstrapper=true, server.port=0}', contextCustomizers = set[org.springframework.boot.test.autoconfigure.actuate.metrics.MetricsExportContextCustomizerFactory$DisableMetricExportContextCustomizer@15aaff6d, org.springframework.boot.test.autoconfigure.properties.PropertyMappingContextCustomizer@0, org.springframework.boot.test.autoconfigure.web.servlet.WebDriverContextCustomizerFactory$Customizer@47aa36d6, org.springframework.boot.test.context.filter.ExcludeFilterContextCustomizer@466326df, org.springframework.boot.test.json.DuplicateJsonObjectContextCustomizerFactory$DuplicateJsonObjectContextCustomizer@5d33e2bd, org.springframework.boot.test.mock.mockito.MockitoContextCustomizer@0, org.springframework.boot.test.web.client.TestRestTemplateContextCustomizer@3949a68e, org.springframework.boot.test.context.SpringBootTestArgs@1, org.springframework.boot.test.context.SpringBootTestWebEnvironment@14f24125], resourceBasePath = 'src/main/webapp', contextLoader = 'org.springframework.boot.test.context.SpringBootContextLoader', parent = [null]], attributes = map['org.springframework.test.context.web.ServletTestExecutionListener.activateListener' -> false]], class annotated with @DirtiesContext [false] with mode [null].
23:15:16.716 [Test worker] DEBUG org.springframework.test.context.support.DependencyInjectionTestExecutionListener - Performing dependency injection for test context [[DefaultTestContext@579d37a testClass = BasicAuthenticationTest, testInstance = com.sp.fc.web.BasicAuthenticationTest@5bfa2729, testMethod = [null], testException = [null], mergedContextConfiguration = [WebMergedContextConfiguration@2959e01e testClass = BasicAuthenticationTest, locations = '{}', classes = '{class com.sp.fc.web.BasicAuthentionTestApplication}', contextInitializerClasses = '[]', activeProfiles = '{}', propertySourceLocations = '{}', propertySourceProperties = '{org.springframework.boot.test.context.SpringBootTestContextBootstrapper=true, server.port=0}', contextCustomizers = set[org.springframework.boot.test.autoconfigure.actuate.metrics.MetricsExportContextCustomizerFactory$DisableMetricExportContextCustomizer@15aaff6d, org.springframework.boot.test.autoconfigure.properties.PropertyMappingContextCustomizer@0, org.springframework.boot.test.autoconfigure.web.servlet.WebDriverContextCustomizerFactory$Customizer@47aa36d6, org.springframework.boot.test.context.filter.ExcludeFilterContextCustomizer@466326df, org.springframework.boot.test.json.DuplicateJsonObjectContextCustomizerFactory$DuplicateJsonObjectContextCustomizer@5d33e2bd, org.springframework.boot.test.mock.mockito.MockitoContextCustomizer@0, org.springframework.boot.test.web.client.TestRestTemplateContextCustomizer@3949a68e, org.springframework.boot.test.context.SpringBootTestArgs@1, org.springframework.boot.test.context.SpringBootTestWebEnvironment@14f24125], resourceBasePath = 'src/main/webapp', contextLoader = 'org.springframework.boot.test.context.SpringBootContextLoader', parent = [null]], attributes = map['org.springframework.test.context.web.ServletTestExecutionListener.activateListener' -> false]]].
23:15:16.732 [Test worker] DEBUG org.springframework.test.context.support.TestPropertySourceUtils - Adding inlined properties to environment: {spring.jmx.enabled=false, org.springframework.boot.test.context.SpringBootTestContextBootstrapper=true, server.port=0}

  .   ____          _            __ _ _
 /\\ / ___'_ __ _ _(_)_ __  __ _ \ \ \ \
( ( )\___ | '_ | '_| | '_ \/ _` | \ \ \ \
 \\/  ___)| |_)| | | | | || (_| |  ) ) ) )
  '  |____| .__|_| |_|_| |_\__, | / / / /
 =========|_|==============|___/=/_/_/_/
 :: Spring Boot ::                (v2.4.1)

2021-08-02 23:15:17.019  INFO 15308 --- [    Test worker] com.sp.fc.web.BasicAuthenticationTest    : Starting BasicAuthenticationTest using Java 11.0.9 on LAPTOP-ER22MFG5 with PID 15308 (started by lhe83 in C:\java\fast_spring\sp-fastcampus-spring-sec1\server\basic-authentication-test)
2021-08-02 23:15:17.021  INFO 15308 --- [    Test worker] com.sp.fc.web.BasicAuthenticationTest    : No active profile set, falling back to default profiles: default
2021-08-02 23:15:18.078  INFO 15308 --- [    Test worker] o.s.b.w.embedded.tomcat.TomcatWebServer  : Tomcat initialized with port(s): 0 (http)
2021-08-02 23:15:18.088  INFO 15308 --- [    Test worker] o.apache.catalina.core.StandardService   : Starting service [Tomcat]
2021-08-02 23:15:18.089  INFO 15308 --- [    Test worker] org.apache.catalina.core.StandardEngine  : Starting Servlet engine: [Apache Tomcat/9.0.41]
2021-08-02 23:15:18.202  INFO 15308 --- [    Test worker] o.a.c.c.C.[Tomcat].[localhost].[/]       : Initializing Spring embedded WebApplicationContext
2021-08-02 23:15:18.202  INFO 15308 --- [    Test worker] w.s.c.ServletWebServerApplicationContext : Root WebApplicationContext: initialization completed in 983 ms
2021-08-02 23:15:18.428  WARN 15308 --- [    Test worker] o.s.security.core.userdetails.User       : User.withDefaultPasswordEncoder() is considered unsafe for production and is only intended for sample applications.
2021-08-02 23:15:18.612  INFO 15308 --- [    Test worker] o.s.s.web.DefaultSecurityFilterChain     : Will secure any request with [org.springframework.security.web.context.request.async.WebAsyncManagerIntegrationFilter@316be374, org.springframework.security.web.context.SecurityContextPersistenceFilter@6ca631e5, org.springframework.security.web.header.HeaderWriterFilter@24b6df9f, org.springframework.security.web.authentication.logout.LogoutFilter@2c4293e3, org.springframework.security.web.authentication.www.BasicAuthenticationFilter@19d2ca41, org.springframework.security.web.savedrequest.RequestCacheAwareFilter@7bb4d4d, org.springframework.security.web.servletapi.SecurityContextHolderAwareRequestFilter@7cb92872, org.springframework.security.web.authentication.AnonymousAuthenticationFilter@1d81c1fc, org.springframework.security.web.session.SessionManagementFilter@6658b042, org.springframework.security.web.access.ExceptionTranslationFilter@763bbde8, org.springframework.security.web.access.intercept.FilterSecurityInterceptor@37fa6334]
2021-08-02 23:15:18.765  INFO 15308 --- [    Test worker] o.s.s.concurrent.ThreadPoolTaskExecutor  : Initializing ExecutorService 'applicationTaskExecutor'
2021-08-02 23:15:18.990  WARN 15308 --- [    Test worker] ion$DefaultTemplateResolverConfiguration : Cannot find template location: classpath:/templates/ (please add some templates or check your Thymeleaf configuration)
2021-08-02 23:15:19.137  INFO 15308 --- [    Test worker] o.s.b.w.embedded.tomcat.TomcatWebServer  : Tomcat started on port(s): 10525 (http) with context path ''
2021-08-02 23:15:19.147  INFO 15308 --- [    Test worker] com.sp.fc.web.BasicAuthenticationTest    : Started BasicAuthenticationTest in 2.412 seconds (JVM running for 3.621)
2021-08-02 23:15:19.525  INFO 15308 --- [o-auto-1-exec-1] o.a.c.c.C.[Tomcat].[localhost].[/]       : Initializing Spring DispatcherServlet 'dispatcherServlet'
2021-08-02 23:15:19.526  INFO 15308 --- [o-auto-1-exec-1] o.s.web.servlet.DispatcherServlet        : Initializing Servlet 'dispatcherServlet'
2021-08-02 23:15:19.527  INFO 15308 --- [o-auto-1-exec-1] o.s.web.servlet.DispatcherServlet        : Completed initialization in 1 ms
]]></system-out>
  <system-err><![CDATA[]]></system-err>
</testsuite>
